Traceback (most recent call last):
  File "/usr/local/lib/python3.8/dist-packages/jupyter_cache/executors/utils.py", line 51, in single_nb_execution
    executenb(
  File "/usr/local/lib/python3.8/dist-packages/nbclient/client.py", line 1112, in execute
    return NotebookClient(nb=nb, resources=resources, km=km, **kwargs).execute()
  File "/usr/local/lib/python3.8/dist-packages/nbclient/util.py", line 74, in wrapped
    return just_run(coro(*args, **kwargs))
  File "/usr/local/lib/python3.8/dist-packages/nbclient/util.py", line 53, in just_run
    return loop.run_until_complete(coro)
  File "/usr/lib/python3.8/asyncio/base_events.py", line 616, in run_until_complete
    return future.result()
  File "/usr/local/lib/python3.8/dist-packages/nbclient/client.py", line 553, in async_execute
    await self.async_execute_cell(
  File "/usr/local/lib/python3.8/dist-packages/nbclient/client.py", line 857, in async_execute_cell
    self._check_raise_for_error(cell, exec_reply)
  File "/usr/local/lib/python3.8/dist-packages/nbclient/client.py", line 760, in _check_raise_for_error
    raise CellExecutionError.from_cell_and_msg(cell, exec_reply_content)
nbclient.exceptions.CellExecutionError: An error occurred while executing the following cell:
------------------
for flight_id,color in zip(tracks,colors):
    ds = cat.Polar5.GPS_INS[flight_id].to_dask()
    dsreduced = simplify_dataset(
        ds.sel(time=slice(meta['P5'][flight_id]['takeoff'],meta['P5'][flight_id]['landing'])), 1e-5)
    m.add_layer(track2layer(dsreduced,color))
------------------

[0;31m---------------------------------------------------------------------------[0m
[0;31mKeyError[0m                                  Traceback (most recent call last)
[0;32m<ipython-input-10-feb65229ea82>[0m in [0;36m<module>[0;34m[0m
[1;32m      2[0m     [0mds[0m [0;34m=[0m [0mcat[0m[0;34m.[0m[0mPolar5[0m[0;34m.[0m[0mGPS_INS[0m[0;34m[[0m[0mflight_id[0m[0;34m][0m[0;34m.[0m[0mto_dask[0m[0;34m([0m[0;34m)[0m[0;34m[0m[0;34m[0m[0m
[1;32m      3[0m     dsreduced = simplify_dataset(
[0;32m----> 4[0;31m         ds.sel(time=slice(meta['P5'][flight_id]['takeoff'],meta['P5'][flight_id]['landing'])), 1e-5)
[0m[1;32m      5[0m     [0mm[0m[0;34m.[0m[0madd_layer[0m[0;34m([0m[0mtrack2layer[0m[0;34m([0m[0mdsreduced[0m[0;34m,[0m[0mcolor[0m[0;34m)[0m[0;34m)[0m[0;34m[0m[0;34m[0m[0m

[0;31mKeyError[0m: 'ACLOUD_P5_RF23'
KeyError: 'ACLOUD_P5_RF23'

