Traceback (most recent call last):
  File "/work/nrisse/anaconda3/envs/pyac3/lib/python3.9/site-packages/jupyter_cache/executors/utils.py", line 51, in single_nb_execution
    executenb(
  File "/work/nrisse/anaconda3/envs/pyac3/lib/python3.9/site-packages/nbclient/client.py", line 1117, in execute
    return NotebookClient(nb=nb, resources=resources, km=km, **kwargs).execute()
  File "/work/nrisse/anaconda3/envs/pyac3/lib/python3.9/site-packages/nbclient/util.py", line 78, in wrapped
    return just_run(coro(*args, **kwargs))
  File "/work/nrisse/anaconda3/envs/pyac3/lib/python3.9/site-packages/nbclient/util.py", line 57, in just_run
    return loop.run_until_complete(coro)
  File "/work/nrisse/anaconda3/envs/pyac3/lib/python3.9/asyncio/base_events.py", line 642, in run_until_complete
    return future.result()
  File "/work/nrisse/anaconda3/envs/pyac3/lib/python3.9/site-packages/nbclient/client.py", line 558, in async_execute
    await self.async_execute_cell(
  File "/work/nrisse/anaconda3/envs/pyac3/lib/python3.9/site-packages/nbclient/client.py", line 862, in async_execute_cell
    self._check_raise_for_error(cell, exec_reply)
  File "/work/nrisse/anaconda3/envs/pyac3/lib/python3.9/site-packages/nbclient/client.py", line 765, in _check_raise_for_error
    raise CellExecutionError.from_cell_and_msg(cell, exec_reply_content)
nbclient.exceptions.CellExecutionError: An error occurred while executing the following cell:
------------------
ds_p6 = cat['P6']['NOSE_BOOM']['ACLOUD_P6_RF07'].read()
------------------

[0;31m---------------------------------------------------------------------------[0m
[0;31mClientResponseError[0m                       Traceback (most recent call last)
[0;32m/tmp/ipykernel_777421/433857793.py[0m in [0;36m<module>[0;34m[0m
[0;32m----> 1[0;31m [0mds_p6[0m [0;34m=[0m [0mcat[0m[0;34m[[0m[0;34m'P6'[0m[0;34m][0m[0;34m[[0m[0;34m'NOSE_BOOM'[0m[0;34m][0m[0;34m[[0m[0;34m'ACLOUD_P6_RF07'[0m[0;34m][0m[0;34m.[0m[0mread[0m[0;34m([0m[0;34m)[0m[0;34m[0m[0;34m[0m[0m
[0m
[0;32m/work/nrisse/anaconda3/envs/pyac3/lib/python3.9/site-packages/intake/source/csv.py[0m in [0;36mread[0;34m(self)[0m
[1;32m    127[0m [0;34m[0m[0m
[1;32m    128[0m     [0;32mdef[0m [0mread[0m[0;34m([0m[0mself[0m[0;34m)[0m[0;34m:[0m[0;34m[0m[0;34m[0m[0m
[0;32m--> 129[0;31m         [0mself[0m[0;34m.[0m[0m_get_schema[0m[0;34m([0m[0;34m)[0m[0;34m[0m[0;34m[0m[0m
[0m[1;32m    130[0m         [0;32mreturn[0m [0mself[0m[0;34m.[0m[0m_dataframe[0m[0;34m.[0m[0mcompute[0m[0;34m([0m[0;34m)[0m[0;34m[0m[0;34m[0m[0m
[1;32m    131[0m [0;34m[0m[0m

[0;32m/work/nrisse/anaconda3/envs/pyac3/lib/python3.9/site-packages/intake/source/csv.py[0m in [0;36m_get_schema[0;34m(self)[0m
[1;32m    113[0m [0;34m[0m[0m
[1;32m    114[0m         [0;32mif[0m [0mself[0m[0;34m.[0m[0m_dataframe[0m [0;32mis[0m [0;32mNone[0m[0;34m:[0m[0;34m[0m[0;34m[0m[0m
[0;32m--> 115[0;31m             [0mself[0m[0;34m.[0m[0m_open_dataset[0m[0;34m([0m[0murlpath[0m[0;34m)[0m[0;34m[0m[0;34m[0m[0m
[0m[1;32m    116[0m [0;34m[0m[0m
[1;32m    117[0m         [0mdtypes[0m [0;34m=[0m [0mself[0m[0;34m.[0m[0m_dataframe[0m[0;34m.[0m[0m_meta[0m[0;34m.[0m[0mdtypes[0m[0;34m.[0m[0mto_dict[0m[0;34m([0m[0;34m)[0m[0;34m[0m[0;34m[0m[0m

[0;32m/work/nrisse/anaconda3/envs/pyac3/lib/python3.9/site-packages/intake/source/csv.py[0m in [0;36m_open_dataset[0;34m(self, urlpath)[0m
[1;32m     92[0m [0;34m[0m[0m
[1;32m     93[0m         [0;32mif[0m [0mself[0m[0;34m.[0m[0mpattern[0m [0;32mis[0m [0;32mNone[0m[0;34m:[0m[0;34m[0m[0;34m[0m[0m
[0;32m---> 94[0;31m             self._dataframe = dask.dataframe.read_csv(
[0m[1;32m     95[0m                 [0murlpath[0m[0;34m,[0m [0mstorage_options[0m[0;34m=[0m[0mself[0m[0;34m.[0m[0m_storage_options[0m[0;34m,[0m[0;34m[0m[0;34m[0m[0m
[1;32m     96[0m                 **self._csv_kwargs)

[0;32m/work/nrisse/anaconda3/envs/pyac3/lib/python3.9/site-packages/dask/dataframe/io/csv.py[0m in [0;36mread[0;34m(urlpath, blocksize, lineterminator, compression, sample, sample_rows, enforce, assume_missing, storage_options, include_path_column, **kwargs)[0m
[1;32m    723[0m         [0;34m**[0m[0mkwargs[0m[0;34m,[0m[0;34m[0m[0;34m[0m[0m
[1;32m    724[0m     ):
[0;32m--> 725[0;31m         return read_pandas(
[0m[1;32m    726[0m             [0mreader[0m[0;34m,[0m[0;34m[0m[0;34m[0m[0m
[1;32m    727[0m             [0murlpath[0m[0;34m,[0m[0;34m[0m[0;34m[0m[0m

[0;32m/work/nrisse/anaconda3/envs/pyac3/lib/python3.9/site-packages/dask/dataframe/io/csv.py[0m in [0;36mread_pandas[0;34m(reader, urlpath, blocksize, lineterminator, compression, sample, sample_rows, enforce, assume_missing, storage_options, include_path_column, **kwargs)[0m
[1;32m    545[0m         [0msample[0m [0;34m=[0m [0mblocksize[0m[0;34m[0m[0;34m[0m[0m
[1;32m    546[0m     [0mb_lineterminator[0m [0;34m=[0m [0mlineterminator[0m[0;34m.[0m[0mencode[0m[0;34m([0m[0;34m)[0m[0;34m[0m[0;34m[0m[0m
[0;32m--> 547[0;31m     b_out = read_bytes(
[0m[1;32m    548[0m         [0murlpath[0m[0;34m,[0m[0;34m[0m[0;34m[0m[0m
[1;32m    549[0m         [0mdelimiter[0m[0;34m=[0m[0mb_lineterminator[0m[0;34m,[0m[0;34m[0m[0;34m[0m[0m

[0;32m/work/nrisse/anaconda3/envs/pyac3/lib/python3.9/site-packages/dask/bytes/core.py[0m in [0;36mread_bytes[0;34m(urlpath, delimiter, not_zero, blocksize, sample, compression, include_path, **kwargs)[0m
[1;32m    144[0m         [0;32mif[0m [0misinstance[0m[0;34m([0m[0msample[0m[0;34m,[0m [0mstr[0m[0;34m)[0m[0;34m:[0m[0;34m[0m[0;34m[0m[0m
[1;32m    145[0m             [0msample[0m [0;34m=[0m [0mparse_bytes[0m[0;34m([0m[0msample[0m[0;34m)[0m[0;34m[0m[0;34m[0m[0m
[0;32m--> 146[0;31m         [0;32mwith[0m [0mOpenFile[0m[0;34m([0m[0mfs[0m[0;34m,[0m [0mpaths[0m[0;34m[[0m[0;36m0[0m[0;34m][0m[0;34m,[0m [0mcompression[0m[0;34m=[0m[0mcompression[0m[0;34m)[0m [0;32mas[0m [0mf[0m[0;34m:[0m[0;34m[0m[0;34m[0m[0m
[0m[1;32m    147[0m             [0;31m# read block without seek (because we start at zero)[0m[0;34m[0m[0;34m[0m[0;34m[0m[0m
[1;32m    148[0m             [0;32mif[0m [0mdelimiter[0m [0;32mis[0m [0;32mNone[0m[0;34m:[0m[0;34m[0m[0;34m[0m[0m

[0;32m/work/nrisse/anaconda3/envs/pyac3/lib/python3.9/site-packages/fsspec/core.py[0m in [0;36m__enter__[0;34m(self)[0m
[1;32m    101[0m         [0mmode[0m [0;34m=[0m [0mself[0m[0;34m.[0m[0mmode[0m[0;34m.[0m[0mreplace[0m[0;34m([0m[0;34m"t"[0m[0;34m,[0m [0;34m""[0m[0;34m)[0m[0;34m.[0m[0mreplace[0m[0;34m([0m[0;34m"b"[0m[0;34m,[0m [0;34m""[0m[0;34m)[0m [0;34m+[0m [0;34m"b"[0m[0;34m[0m[0;34m[0m[0m
[1;32m    102[0m [0;34m[0m[0m
[0;32m--> 103[0;31m         [0mf[0m [0;34m=[0m [0mself[0m[0;34m.[0m[0mfs[0m[0;34m.[0m[0mopen[0m[0;34m([0m[0mself[0m[0;34m.[0m[0mpath[0m[0;34m,[0m [0mmode[0m[0;34m=[0m[0mmode[0m[0;34m)[0m[0;34m[0m[0;34m[0m[0m
[0m[1;32m    104[0m [0;34m[0m[0m
[1;32m    105[0m         [0mself[0m[0;34m.[0m[0mfobjects[0m [0;34m=[0m [0;34m[[0m[0mf[0m[0;34m][0m[0;34m[0m[0;34m[0m[0m

[0;32m/work/nrisse/anaconda3/envs/pyac3/lib/python3.9/site-packages/fsspec/implementations/cached.py[0m in [0;36m<lambda>[0;34m(*args, **kw)[0m
[1;32m    392[0m             [0;31m# all the methods defined in this class. Note `open` here, since[0m[0;34m[0m[0;34m[0m[0;34m[0m[0m
[1;32m    393[0m             [0;31m# it calls `_open`, but is actually in superclass[0m[0;34m[0m[0;34m[0m[0;34m[0m[0m
[0;32m--> 394[0;31m             return lambda *args, **kw: getattr(type(self), item).__get__(self)(
[0m[1;32m    395[0m                 [0;34m*[0m[0margs[0m[0;34m,[0m [0;34m**[0m[0mkw[0m[0;34m[0m[0;34m[0m[0m
[1;32m    396[0m             )

[0;32m/work/nrisse/anaconda3/envs/pyac3/lib/python3.9/site-packages/fsspec/spec.py[0m in [0;36mopen[0;34m(self, path, mode, block_size, cache_options, **kwargs)[0m
[1;32m   1004[0m         [0;32melse[0m[0;34m:[0m[0;34m[0m[0;34m[0m[0m
[1;32m   1005[0m             [0mac[0m [0;34m=[0m [0mkwargs[0m[0;34m.[0m[0mpop[0m[0;34m([0m[0;34m"autocommit"[0m[0;34m,[0m [0;32mnot[0m [0mself[0m[0;34m.[0m[0m_intrans[0m[0;34m)[0m[0;34m[0m[0;34m[0m[0m
[0;32m-> 1006[0;31m             f = self._open(
[0m[1;32m   1007[0m                 [0mpath[0m[0;34m,[0m[0;34m[0m[0;34m[0m[0m
[1;32m   1008[0m                 [0mmode[0m[0;34m=[0m[0mmode[0m[0;34m,[0m[0;34m[0m[0;34m[0m[0m

[0;32m/work/nrisse/anaconda3/envs/pyac3/lib/python3.9/site-packages/fsspec/implementations/cached.py[0m in [0;36m<lambda>[0;34m(*args, **kw)[0m
[1;32m    392[0m             [0;31m# all the methods defined in this class. Note `open` here, since[0m[0;34m[0m[0;34m[0m[0;34m[0m[0m
[1;32m    393[0m             [0;31m# it calls `_open`, but is actually in superclass[0m[0;34m[0m[0;34m[0m[0;34m[0m[0m
[0;32m--> 394[0;31m             return lambda *args, **kw: getattr(type(self), item).__get__(self)(
[0m[1;32m    395[0m                 [0;34m*[0m[0margs[0m[0;34m,[0m [0;34m**[0m[0mkw[0m[0;34m[0m[0;34m[0m[0m
[1;32m    396[0m             )

[0;32m/work/nrisse/anaconda3/envs/pyac3/lib/python3.9/site-packages/fsspec/implementations/cached.py[0m in [0;36m_open[0;34m(self, path, mode, **kwargs)[0m
[1;32m    708[0m                     [0mf2[0m[0;34m.[0m[0mwrite[0m[0;34m([0m[0mdata[0m[0;34m)[0m[0;34m[0m[0;34m[0m[0m
[1;32m    709[0m         [0;32melse[0m[0;34m:[0m[0;34m[0m[0;34m[0m[0m
[0;32m--> 710[0;31m             [0mself[0m[0;34m.[0m[0mfs[0m[0;34m.[0m[0mget[0m[0;34m([0m[0mpath[0m[0;34m,[0m [0mfn[0m[0;34m)[0m[0;34m[0m[0;34m[0m[0m
[0m[1;32m    711[0m         [0;32mreturn[0m [0mself[0m[0;34m.[0m[0m_open[0m[0;34m([0m[0mpath[0m[0;34m,[0m [0mmode[0m[0;34m)[0m[0;34m[0m[0;34m[0m[0m
[1;32m    712[0m [0;34m[0m[0m

[0;32m/work/nrisse/anaconda3/envs/pyac3/lib/python3.9/site-packages/fsspec/asyn.py[0m in [0;36mwrapper[0;34m(*args, **kwargs)[0m
[1;32m     89[0m     [0;32mdef[0m [0mwrapper[0m[0;34m([0m[0;34m*[0m[0margs[0m[0;34m,[0m [0;34m**[0m[0mkwargs[0m[0;34m)[0m[0;34m:[0m[0;34m[0m[0;34m[0m[0m
[1;32m     90[0m         [0mself[0m [0;34m=[0m [0mobj[0m [0;32mor[0m [0margs[0m[0;34m[[0m[0;36m0[0m[0;34m][0m[0;34m[0m[0;34m[0m[0m
[0;32m---> 91[0;31m         [0;32mreturn[0m [0msync[0m[0;34m([0m[0mself[0m[0;34m.[0m[0mloop[0m[0;34m,[0m [0mfunc[0m[0;34m,[0m [0;34m*[0m[0margs[0m[0;34m,[0m [0;34m**[0m[0mkwargs[0m[0;34m)[0m[0;34m[0m[0;34m[0m[0m
[0m[1;32m     92[0m [0;34m[0m[0m
[1;32m     93[0m     [0;32mreturn[0m [0mwrapper[0m[0;34m[0m[0;34m[0m[0m

[0;32m/work/nrisse/anaconda3/envs/pyac3/lib/python3.9/site-packages/fsspec/asyn.py[0m in [0;36msync[0;34m(loop, func, timeout, *args, **kwargs)[0m
[1;32m     69[0m         [0;32mraise[0m [0mFSTimeoutError[0m [0;32mfrom[0m [0mreturn_result[0m[0;34m[0m[0;34m[0m[0m
[1;32m     70[0m     [0;32melif[0m [0misinstance[0m[0;34m([0m[0mreturn_result[0m[0;34m,[0m [0mBaseException[0m[0;34m)[0m[0;34m:[0m[0;34m[0m[0;34m[0m[0m
[0;32m---> 71[0;31m         [0;32mraise[0m [0mreturn_result[0m[0;34m[0m[0;34m[0m[0m
[0m[1;32m     72[0m     [0;32melse[0m[0;34m:[0m[0;34m[0m[0;34m[0m[0m
[1;32m     73[0m         [0;32mreturn[0m [0mreturn_result[0m[0;34m[0m[0;34m[0m[0m

[0;32m/work/nrisse/anaconda3/envs/pyac3/lib/python3.9/site-packages/fsspec/asyn.py[0m in [0;36m_runner[0;34m(event, coro, result, timeout)[0m
[1;32m     23[0m         [0mcoro[0m [0;34m=[0m [0masyncio[0m[0;34m.[0m[0mwait_for[0m[0;34m([0m[0mcoro[0m[0;34m,[0m [0mtimeout[0m[0;34m=[0m[0mtimeout[0m[0;34m)[0m[0;34m[0m[0;34m[0m[0m
[1;32m     24[0m     [0;32mtry[0m[0;34m:[0m[0;34m[0m[0;34m[0m[0m
[0;32m---> 25[0;31m         [0mresult[0m[0;34m[[0m[0;36m0[0m[0;34m][0m [0;34m=[0m [0;32mawait[0m [0mcoro[0m[0;34m[0m[0;34m[0m[0m
[0m[1;32m     26[0m     [0;32mexcept[0m [0mException[0m [0;32mas[0m [0mex[0m[0;34m:[0m[0;34m[0m[0;34m[0m[0m
[1;32m     27[0m         [0mresult[0m[0;34m[[0m[0;36m0[0m[0;34m][0m [0;34m=[0m [0mex[0m[0;34m[0m[0;34m[0m[0m

[0;32m/work/nrisse/anaconda3/envs/pyac3/lib/python3.9/site-packages/fsspec/asyn.py[0m in [0;36m_get[0;34m(self, rpath, lpath, recursive, callback, **kwargs)[0m
[1;32m    457[0m             [0mcallback[0m[0;34m.[0m[0mbranch[0m[0;34m([0m[0mrpath[0m[0;34m,[0m [0mlpath[0m[0;34m,[0m [0mkwargs[0m[0;34m)[0m[0;34m[0m[0;34m[0m[0m
[1;32m    458[0m             [0mcoros[0m[0;34m.[0m[0mappend[0m[0;34m([0m[0mself[0m[0;34m.[0m[0m_get_file[0m[0;34m([0m[0mrpath[0m[0;34m,[0m [0mlpath[0m[0;34m,[0m [0;34m**[0m[0mkwargs[0m[0;34m)[0m[0;34m)[0m[0;34m[0m[0;34m[0m[0m
[0;32m--> 459[0;31m         return await _run_coros_in_chunks(
[0m[1;32m    460[0m             [0mcoros[0m[0;34m,[0m [0mbatch_size[0m[0;34m=[0m[0mbatch_size[0m[0;34m,[0m [0mcallback[0m[0;34m=[0m[0mcallback[0m[0;34m[0m[0;34m[0m[0m
[1;32m    461[0m         )

[0;32m/work/nrisse/anaconda3/envs/pyac3/lib/python3.9/site-packages/fsspec/asyn.py[0m in [0;36m_run_coros_in_chunks[0;34m(coros, batch_size, callback, timeout)[0m
[1;32m    211[0m         [0mchunk[0m [0;34m=[0m [0mcoros[0m[0;34m[[0m[0mstart[0m [0;34m:[0m [0mstart[0m [0;34m+[0m [0mbatch_size[0m[0;34m][0m[0;34m[0m[0;34m[0m[0m
[1;32m    212[0m         [0;32mfor[0m [0mcoro[0m [0;32min[0m [0masyncio[0m[0;34m.[0m[0mas_completed[0m[0;34m([0m[0mchunk[0m[0;34m,[0m [0mtimeout[0m[0;34m=[0m[0mtimeout[0m[0;34m)[0m[0;34m:[0m[0;34m[0m[0;34m[0m[0m
[0;32m--> 213[0;31m             [0mresults[0m[0;34m.[0m[0mappend[0m[0;34m([0m[0;32mawait[0m [0mcoro[0m[0;34m)[0m[0;34m[0m[0;34m[0m[0m
[0m[1;32m    214[0m             [0mcallback[0m[0;34m.[0m[0mcall[0m[0;34m([0m[0;34m"relative_update"[0m[0;34m,[0m [0;36m1[0m[0;34m)[0m[0;34m[0m[0;34m[0m[0m
[1;32m    215[0m     [0;32mreturn[0m [0mresults[0m[0;34m[0m[0;34m[0m[0m

[0;32m/work/nrisse/anaconda3/envs/pyac3/lib/python3.9/asyncio/tasks.py[0m in [0;36m_wait_for_one[0;34m()[0m
[1;32m    612[0m             [0;31m# Dummy value from _on_timeout().[0m[0;34m[0m[0;34m[0m[0;34m[0m[0m
[1;32m    613[0m             [0;32mraise[0m [0mexceptions[0m[0;34m.[0m[0mTimeoutError[0m[0;34m[0m[0;34m[0m[0m
[0;32m--> 614[0;31m         [0;32mreturn[0m [0mf[0m[0;34m.[0m[0mresult[0m[0;34m([0m[0;34m)[0m  [0;31m# May raise f.exception().[0m[0;34m[0m[0;34m[0m[0m
[0m[1;32m    615[0m [0;34m[0m[0m
[1;32m    616[0m     [0;32mfor[0m [0mf[0m [0;32min[0m [0mtodo[0m[0;34m:[0m[0;34m[0m[0;34m[0m[0m

[0;32m/work/nrisse/anaconda3/envs/pyac3/lib/python3.9/site-packages/fsspec/implementations/http.py[0m in [0;36m_get_file[0;34m(self, rpath, lpath, chunk_size, callback, **kwargs)[0m
[1;32m    247[0m [0;34m[0m[0m
[1;32m    248[0m             [0mcallback[0m[0;34m.[0m[0mset_size[0m[0;34m([0m[0msize[0m[0;34m)[0m[0;34m[0m[0;34m[0m[0m
[0;32m--> 249[0;31m             [0mself[0m[0;34m.[0m[0m_raise_not_found_for_status[0m[0;34m([0m[0mr[0m[0;34m,[0m [0mrpath[0m[0;34m)[0m[0;34m[0m[0;34m[0m[0m
[0m[1;32m    250[0m             [0;32mwith[0m [0mopen[0m[0;34m([0m[0mlpath[0m[0;34m,[0m [0;34m"wb"[0m[0;34m)[0m [0;32mas[0m [0mfd[0m[0;34m:[0m[0;34m[0m[0;34m[0m[0m
[1;32m    251[0m                 [0mchunk[0m [0;34m=[0m [0;32mTrue[0m[0;34m[0m[0;34m[0m[0m

[0;32m/work/nrisse/anaconda3/envs/pyac3/lib/python3.9/site-packages/fsspec/implementations/http.py[0m in [0;36m_raise_not_found_for_status[0;34m(self, response, url)[0m
[1;32m    214[0m         [0;32mif[0m [0mresponse[0m[0;34m.[0m[0mstatus[0m [0;34m==[0m [0;36m404[0m[0;34m:[0m[0;34m[0m[0;34m[0m[0m
[1;32m    215[0m             [0;32mraise[0m [0mFileNotFoundError[0m[0;34m([0m[0murl[0m[0;34m)[0m[0;34m[0m[0;34m[0m[0m
[0;32m--> 216[0;31m         [0mresponse[0m[0;34m.[0m[0mraise_for_status[0m[0;34m([0m[0;34m)[0m[0;34m[0m[0;34m[0m[0m
[0m[1;32m    217[0m [0;34m[0m[0m
[1;32m    218[0m     [0;32masync[0m [0;32mdef[0m [0m_cat_file[0m[0;34m([0m[0mself[0m[0;34m,[0m [0murl[0m[0;34m,[0m [0mstart[0m[0;34m=[0m[0;32mNone[0m[0;34m,[0m [0mend[0m[0;34m=[0m[0;32mNone[0m[0;34m,[0m [0;34m**[0m[0mkwargs[0m[0;34m)[0m[0;34m:[0m[0;34m[0m[0;34m[0m[0m

[0;32m/work/nrisse/anaconda3/envs/pyac3/lib/python3.9/site-packages/aiohttp/client_reqrep.py[0m in [0;36mraise_for_status[0;34m(self)[0m
[1;32m    998[0m             [0;32massert[0m [0mself[0m[0;34m.[0m[0mreason[0m [0;32mis[0m [0;32mnot[0m [0;32mNone[0m[0;34m[0m[0;34m[0m[0m
[1;32m    999[0m             [0mself[0m[0;34m.[0m[0mrelease[0m[0;34m([0m[0;34m)[0m[0;34m[0m[0;34m[0m[0m
[0;32m-> 1000[0;31m             raise ClientResponseError(
[0m[1;32m   1001[0m                 [0mself[0m[0;34m.[0m[0mrequest_info[0m[0;34m,[0m[0;34m[0m[0;34m[0m[0m
[1;32m   1002[0m                 [0mself[0m[0;34m.[0m[0mhistory[0m[0;34m,[0m[0;34m[0m[0;34m[0m[0m

[0;31mClientResponseError[0m: 503, message='Service Unavailable', url=URL('https://hs.pangaea.de/Projects/AC3/ACLOUD_meteo/Flight_20170527_06_P6_turbdata.asc.gz')
ClientResponseError: 503, message='Service Unavailable', url=URL('https://hs.pangaea.de/Projects/AC3/ACLOUD_meteo/Flight_20170527_06_P6_turbdata.asc.gz')

